2026-03-11 16:32:54,109 | INFO | === Indo Fashion Image Classifier ===
2026-03-11 16:32:54,109 | INFO | Device: cpu
2026-03-11 16:33:30,541 | INFO | Epoch 01/20 | Train Loss: 2.758 | Train Acc: 3.3% | Val Loss: 2.732 | Val Acc: 6.7% | LR: 9.94e-05
2026-03-11 16:33:37,279 | INFO | Saved new best checkpoint at epoch 1 (6.67%).
2026-03-11 16:34:46,338 | INFO | Epoch 02/20 | Train Loss: 2.781 | Train Acc: 6.7% | Val Loss: 2.733 | Val Acc: 0.0% | LR: 9.76e-05
2026-03-11 16:36:24,981 | INFO | Epoch 03/20 | Train Loss: 2.742 | Train Acc: 6.7% | Val Loss: 2.745 | Val Acc: 6.7% | LR: 9.46e-05
2026-03-11 16:37:56,578 | INFO | Epoch 04/20 | Train Loss: 2.741 | Train Acc: 3.3% | Val Loss: 2.738 | Val Acc: 6.7% | LR: 9.05e-05
2026-03-11 16:38:27,539 | INFO | === Indo Fashion Image Classifier ===
2026-03-11 16:38:27,541 | INFO | Device: cpu
2026-03-11 16:38:35,355 | INFO | Epoch 01/20 | Train Loss: 2.763 | Train Acc: 10.0% | Val Loss: 2.732 | Val Acc: 0.0% | LR: 9.94e-05
2026-03-11 16:38:41,715 | INFO | Epoch 02/20 | Train Loss: 2.744 | Train Acc: 3.3% | Val Loss: 2.732 | Val Acc: 0.0% | LR: 9.76e-05
2026-03-11 16:38:47,637 | INFO | Epoch 03/20 | Train Loss: 2.711 | Train Acc: 6.7% | Val Loss: 2.745 | Val Acc: 6.7% | LR: 9.46e-05
2026-03-11 16:38:47,789 | INFO | Saved new best checkpoint at epoch 3 (6.67%).
2026-03-11 16:38:53,879 | INFO | Epoch 04/20 | Train Loss: 2.761 | Train Acc: 3.3% | Val Loss: 2.737 | Val Acc: 6.7% | LR: 9.05e-05
2026-03-11 16:38:54,408 | INFO | Epoch 05/20 | Train Loss: 2.691 | Train Acc: 10.0% | Val Loss: 2.727 | Val Acc: 6.7% | LR: 8.54e-05
2026-03-11 16:38:54,423 | INFO | Unfroze backbone for full fine-tuning.
2026-03-11 16:39:00,520 | INFO | Epoch 05/20 | Train Loss: 2.718 | Train Acc: 6.7% | Val Loss: 2.726 | Val Acc: 6.7% | LR: 8.54e-05
2026-03-11 16:39:00,532 | INFO | Unfroze backbone for full fine-tuning.
2026-03-11 16:39:38,245 | INFO | Epoch 06/20 | Train Loss: 2.705 | Train Acc: 10.0% | Val Loss: 2.720 | Val Acc: 0.0% | LR: 7.94e-05
2026-03-11 16:39:56,522 | INFO | Epoch 07/20 | Train Loss: 2.672 | Train Acc: 6.7% | Val Loss: 2.718 | Val Acc: 0.0% | LR: 7.27e-05
2026-03-11 16:39:58,483 | INFO | Epoch 06/20 | Train Loss: 2.679 | Train Acc: 10.0% | Val Loss: 2.722 | Val Acc: 6.7% | LR: 7.94e-05
2026-03-11 16:39:58,493 | INFO | Early stopping triggered.
2026-03-11 16:39:58,493 | INFO | Training complete. Best validation accuracy: 6.67%
2026-03-11 16:40:11,910 | INFO | Epoch 08/20 | Train Loss: 2.617 | Train Acc: 16.7% | Val Loss: 2.719 | Val Acc: 0.0% | LR: 6.55e-05
2026-03-11 16:40:11,911 | INFO | Early stopping triggered.
2026-03-11 16:40:11,911 | INFO | Training complete. Best validation accuracy: 6.67%
2026-03-12 05:10:53,084 | INFO | === Indo Fashion Image Classifier ===
2026-03-12 05:10:53,085 | INFO | Device: cpu
2026-03-12 05:17:52,448 | INFO | Epoch 01/20 | Train Loss: 2.446 | Train Acc: 26.6% | Val Loss: 2.147 | Val Acc: 49.6% | LR: 9.94e-05
2026-03-12 05:17:52,533 | INFO | Saved new best checkpoint at epoch 1 (49.62%).
2026-03-12 05:24:43,168 | INFO | Epoch 02/20 | Train Loss: 2.073 | Train Acc: 45.8% | Val Loss: 1.843 | Val Acc: 56.6% | LR: 9.76e-05
2026-03-12 05:24:43,204 | INFO | Saved new best checkpoint at epoch 2 (56.62%).
2026-03-12 05:31:10,581 | INFO | Epoch 03/20 | Train Loss: 1.880 | Train Acc: 51.0% | Val Loss: 1.682 | Val Acc: 59.2% | LR: 9.46e-05
2026-03-12 05:31:10,619 | INFO | Saved new best checkpoint at epoch 3 (59.15%).
2026-03-12 05:37:26,246 | INFO | Epoch 04/20 | Train Loss: 1.781 | Train Acc: 52.7% | Val Loss: 1.575 | Val Acc: 62.8% | LR: 9.05e-05
2026-03-12 05:37:26,288 | INFO | Saved new best checkpoint at epoch 4 (62.77%).
2026-03-12 05:44:26,579 | INFO | Epoch 05/20 | Train Loss: 1.706 | Train Acc: 55.2% | Val Loss: 1.526 | Val Acc: 63.1% | LR: 8.54e-05
2026-03-12 05:44:26,624 | INFO | Saved new best checkpoint at epoch 5 (63.08%).
2026-03-12 05:44:26,625 | INFO | Unfroze backbone for full fine-tuning.
2026-03-12 06:02:46,658 | INFO | === Indo Fashion Image Classifier ===
2026-03-12 06:02:46,658 | INFO | Device: cpu
2026-03-12 06:11:38,950 | INFO | Epoch 06/20 | Train Loss: 1.538 | Train Acc: 60.5% | Val Loss: 1.276 | Val Acc: 72.0% | LR: 7.94e-05
2026-03-12 06:11:39,058 | INFO | Saved new best checkpoint at epoch 6 (72.00%).
2026-03-12 06:35:52,692 | INFO | Epoch 07/20 | Train Loss: 1.379 | Train Acc: 67.3% | Val Loss: 1.188 | Val Acc: 77.2% | LR: 7.27e-05
2026-03-12 06:35:52,793 | INFO | Saved new best checkpoint at epoch 7 (77.15%).
2026-03-12 07:11:35,248 | INFO | Epoch 08/20 | Train Loss: 1.280 | Train Acc: 71.4% | Val Loss: 1.151 | Val Acc: 77.4% | LR: 6.55e-05
2026-03-12 07:11:35,366 | INFO | Saved new best checkpoint at epoch 8 (77.38%).
